number,value,params_batch_size,params_buffer_size,params_double_q,params_dueling,params_exploration_final_eps,params_exploration_fraction,params_gamma,params_layer_1,params_layer_2,params_layer_normalization,params_learning_rate,params_learning_starts,params_negative_reward_bad_wafer,params_negative_reward_good_wafer,params_param_lambda,params_param_noise,params_positive_reward_bad_wafer,params_positive_reward_good_wafer,params_prioritized_replay,params_prioritized_replay_alpha,params_prioritized_replay_beta0,params_target_network_update_freq,state
0,0.4798850574712643,32,30000,True,False,0.1,0.01,0.9,32,64,False,0.0001,3000,0.3,1.0,0.0001,False,0.3,1.0,True,0.6,0.5,1500,COMPLETE
1,0.8235632183908046,128,50000,True,False,0.3,0.0001,0.9,32,128,True,0.01,500,0.5,0.8,0.001,True,0.8,0.5,False,,,500,COMPLETE
2,0.6729885057471263,128,20000,False,False,0.1,0.001,0.9,64,32,False,0.01,3000,0.8,1.0,0.001,False,0.8,1.0,True,0.7,0.4,1000,COMPLETE
3,0.6890804597701149,128,5000,True,True,0.1,0.0001,0.9,32,64,True,0.0001,2000,0.8,0.8,0.01,False,0.5,0.3,False,,,1500,COMPLETE
4,0.9830459770114943,32,40000,False,False,0.2,0.001,0.999,128,32,False,0.001,1000,0.3,0.8,0.0001,False,0.5,0.5,True,0.6,0.6,500,COMPLETE
5,0.4045977011494252,64,5000,False,False,0.1,0.001,0.95,64,128,True,0.01,1000,0.3,0.5,0.01,True,0.3,0.8,False,,,1500,COMPLETE
6,0.5979885057471264,128,5000,False,False,0.1,0.01,0.999,128,128,False,0.001,3000,1.0,0.8,0.001,False,0.3,0.8,False,,,1500,COMPLETE
7,0.739367816091954,64,40000,False,True,0.2,0.0001,0.9,64,32,True,0.0001,2000,1.0,0.8,0.001,True,0.5,0.3,False,,,500,COMPLETE
8,0.7387931034482758,32,5000,False,False,0.3,0.0001,0.999,64,32,True,0.0001,2000,0.5,1.0,0.0001,True,0.5,0.5,False,,,1500,COMPLETE
9,0.6732758620689655,128,10000,False,False,0.3,0.001,0.95,128,128,False,0.001,500,0.5,0.8,0.01,False,0.3,0.5,True,0.65,0.6,1500,COMPLETE
10,0.8566091954022989,32,40000,True,True,0.2,0.001,0.99,128,32,False,0.001,1000,0.3,0.3,0.0001,False,1.0,0.5,True,0.6,0.6,500,COMPLETE
11,,32,40000,True,True,0.2,0.001,0.99,128,32,False,0.001,1000,0.3,0.3,0.0001,False,1.0,0.5,True,0.6,0.6,500,RUNNING
12,0.8566091954022989,32,40000,True,True,0.2,0.001,0.99,128,32,False,0.001,1000,0.3,0.3,0.0001,False,1.0,0.5,True,0.6,0.6,500,COMPLETE
13,0.8566091954022989,32,40000,True,True,0.2,0.001,0.99,128,32,False,0.001,1000,0.3,0.3,0.0001,False,1.0,0.5,True,0.6,0.6,500,COMPLETE
14,0.875,32,40000,True,True,0.2,0.001,0.995,128,32,False,0.001,1000,0.3,0.3,0.0001,False,1.0,0.5,True,0.6,0.6,500,COMPLETE
15,0.7721264367816092,32,40000,False,True,0.2,0.001,0.995,128,32,False,0.001,1000,0.3,0.5,0.0001,False,0.5,0.5,True,0.6,0.6,1000,COMPLETE
16,0.9077586206896551,32,30000,True,True,0.2,0.001,0.995,128,32,False,0.001,1000,0.3,0.3,0.0001,False,1.0,0.5,True,0.65,0.5,500,COMPLETE
17,0.714367816091954,32,30000,True,False,0.2,0.01,0.995,128,64,False,0.001,1000,0.3,0.3,0.0001,False,0.5,0.8,True,0.65,0.5,500,COMPLETE
18,0.889367816091954,64,30000,False,True,0.2,0.001,0.999,128,32,False,0.001,1000,0.8,0.3,0.0001,False,1.0,1.0,True,0.65,0.5,1000,COMPLETE
19,,32,20000,True,False,0.2,0.001,0.995,128,32,False,0.001,500,1.0,0.5,0.0001,True,0.8,0.3,True,0.7,0.4,500,RUNNING
20,0.7988505747126435,32,20000,True,False,0.2,0.001,0.995,128,32,False,0.001,500,1.0,0.5,0.0001,True,0.8,0.3,True,0.7,0.4,500,COMPLETE
21,0.8399425287356322,32,50000,False,True,0.2,0.01,0.999,32,64,False,0.01,1000,0.3,0.8,0.01,False,1.0,0.5,True,0.65,0.5,500,COMPLETE
22,0.8994252873563218,64,10000,False,True,0.3,0.001,0.995,128,32,False,0.001,1000,0.3,0.3,0.0001,False,0.5,0.5,True,0.65,0.5,500,COMPLETE
23,0.8994252873563218,64,10000,False,True,0.3,0.001,0.995,128,32,False,0.001,1000,0.3,0.3,0.0001,False,0.5,0.5,True,0.65,0.5,500,COMPLETE
24,0.8994252873563218,64,10000,False,True,0.3,0.001,0.995,128,32,False,0.001,1000,0.3,0.3,0.0001,False,0.5,0.5,True,0.65,0.5,500,COMPLETE
25,0.8413793103448276,64,30000,False,True,0.3,0.001,0.995,128,32,False,0.001,1000,0.3,0.3,0.0001,False,0.5,0.5,True,0.65,0.5,500,COMPLETE
26,0.9416666666666667,64,10000,False,True,0.3,0.001,0.999,128,32,False,0.001,1000,0.3,0.3,0.0001,False,0.5,0.5,True,0.7,0.5,500,COMPLETE
27,0.95,32,30000,False,True,0.2,0.001,0.999,128,32,False,0.001,1000,0.3,0.8,0.0001,False,0.5,0.5,True,0.7,0.4,1000,COMPLETE
28,0.7324712643678161,64,10000,False,False,0.3,0.001,0.999,128,32,True,0.001,500,1.0,0.8,0.0001,True,0.5,0.3,True,0.7,0.4,1000,COMPLETE
29,0.7991379310344827,32,20000,False,True,0.2,0.001,0.999,128,32,False,0.001,2000,0.5,0.8,0.0001,False,0.5,0.8,True,0.7,0.4,1000,COMPLETE
30,,64,50000,False,False,0.2,0.0001,0.999,64,64,False,0.0001,3000,0.8,0.8,0.001,False,0.5,1.0,True,0.7,0.4,1000,RUNNING
31,0.6209770114942529,64,50000,False,False,0.2,0.0001,0.999,64,64,False,0.0001,3000,0.8,0.8,0.001,False,0.5,1.0,True,0.7,0.4,1000,COMPLETE
32,0.6477011494252873,32,30000,False,False,0.3,0.01,0.999,32,128,False,0.01,3000,0.3,1.0,0.01,False,0.5,1.0,True,0.7,0.4,1000,COMPLETE
33,0.7985632183908046,32,10000,False,True,0.1,0.01,0.999,32,64,False,0.0001,1000,0.3,0.8,0.0001,False,0.5,0.5,True,0.7,0.4,1000,COMPLETE
34,0.7399425287356322,32,30000,True,True,0.2,0.001,0.999,128,32,False,0.001,1000,0.3,0.5,0.0001,False,1.0,0.5,True,0.7,0.5,500,COMPLETE
35,0.756896551724138,32,30000,True,True,0.2,0.001,0.95,128,32,False,0.001,1000,0.3,0.8,0.0001,False,0.8,0.5,True,0.7,0.5,500,COMPLETE
36,0.9408045977011494,32,30000,False,True,0.2,0.001,0.999,128,32,False,0.001,1000,0.3,1.0,0.0001,False,0.3,0.5,True,0.7,0.6,500,COMPLETE
37,0.8827586206896552,128,30000,False,True,0.2,0.001,0.999,128,32,True,0.01,1000,0.3,1.0,0.001,False,0.3,0.5,False,,,1000,COMPLETE
38,0.3899425287356322,32,50000,False,False,0.1,0.0001,0.999,32,32,False,0.001,500,0.8,1.0,0.0001,True,0.3,0.5,True,0.7,0.6,500,COMPLETE
39,0.7390804597701149,128,30000,False,True,0.2,0.001,0.999,64,128,False,0.001,3000,0.5,1.0,0.0001,False,0.3,1.0,False,,,1500,COMPLETE
40,0.8324712643678162,32,20000,False,False,0.1,0.001,0.9,128,32,True,0.01,2000,0.3,1.0,0.01,False,0.3,0.3,True,0.7,0.6,500,COMPLETE
41,,64,5000,False,True,0.3,0.0001,0.999,128,128,False,0.0001,1000,1.0,0.8,0.001,True,0.8,0.8,False,,,1000,RUNNING
42,0.5215517241379309,64,5000,False,True,0.3,0.0001,0.999,128,128,False,0.0001,1000,1.0,0.8,0.001,True,0.8,0.8,False,,,1000,COMPLETE
43,0.6977011494252873,128,40000,False,False,0.2,0.001,0.999,64,32,True,0.001,1000,0.3,1.0,0.0001,False,0.3,0.5,True,0.6,0.6,1500,COMPLETE
44,,32,10000,False,True,0.3,0.001,0.95,128,64,False,0.001,2000,0.8,0.8,0.001,False,0.5,0.5,False,,,500,RUNNING
45,0.7149425287356321,32,10000,False,True,0.3,0.001,0.95,128,64,False,0.001,2000,0.8,0.8,0.001,False,0.5,0.5,False,,,500,COMPLETE
